<?xml version="1.0" encoding="utf-8"?><testsuites name="pytest tests"><testsuite name="pytest" errors="0" failures="0" skipped="0" tests="21" time="1.374" timestamp="2026-01-19T15:03:48.663799+00:00" hostname="agent-env-c951a63b-c459-47df-8ca4-25aa50d59d9f"><testcase classname="tests.test_supinter_api.TestAuth" name="test_login_success" time="0.279" /><testcase classname="tests.test_supinter_api.TestAuth" name="test_login_invalid_credentials" time="0.042" /><testcase classname="tests.test_supinter_api.TestAuth" name="test_get_me_without_token" time="0.032" /><testcase classname="tests.test_supinter_api.TestCampuses" name="test_get_campuses" time="0.037" /><testcase classname="tests.test_supinter_api.TestAcademicYears" name="test_get_academic_years" time="0.033" /><testcase classname="tests.test_supinter_api.TestFormations" name="test_get_formations" time="0.037" /><testcase classname="tests.test_supinter_api.TestFilieres" name="test_get_filieres" time="0.044" /><testcase classname="tests.test_supinter_api.TestLevels" name="test_get_levels" time="0.043" /><testcase classname="tests.test_supinter_api.TestStudents" name="test_get_students" time="0.303" /><testcase classname="tests.test_supinter_api.TestStudents" name="test_get_students_without_auth" time="0.033" /><testcase classname="tests.test_supinter_api.TestUsers" name="test_get_users" time="0.037" /><testcase classname="tests.test_supinter_api.TestUsers" name="test_get_users_without_auth" time="0.033" /><testcase classname="tests.test_supinter_api.TestClasses" name="test_get_classes" time="0.033" /><testcase classname="tests.test_supinter_api.TestSubjects" name="test_get_subjects" time="0.034" /><testcase classname="tests.test_supinter_api.TestProfessors" name="test_get_professors" time="0.034" /><testcase classname="tests.test_supinter_api.TestStaff" name="test_get_staff" time="0.033" /><testcase classname="tests.test_supinter_api.TestTransactions" name="test_get_transactions" time="0.074" /><testcase classname="tests.test_supinter_api.TestGrades" name="test_get_grades" time="0.035" /><testcase classname="tests.test_supinter_api.TestDashboard" name="test_get_dashboard_stats" time="0.038" /><testcase classname="tests.test_supinter_api.TestArchives" name="test_get_archives" time="0.035" /><testcase classname="tests.test_supinter_api.TestAbsences" name="test_get_absences" time="0.033" /></testsuite></testsuites>